<?xml version="1.0" encoding="UTF-8"?>
<!-- Generated by org.testng.reporters.JUnitXMLReporter -->
<testsuite ignored="0" hostname="HIJ-WS043" failures="5" tests="5" name="TestNGTest" time="0.586" errors="0" timestamp="2021-12-13T12:56:40 IST">
  <testcase classname="io.cucumber.testng.AbstractTestNGCucumberTests" name="runScenario" time="0.093">
    <failure type="java.lang.NullPointerException">
      <![CDATA[java.lang.NullPointerException
at com.qa.utils.TestBase.initializeDriver(TestBase.java:36)
at StepDefinitions.LoginStep.browser_is_open(LoginStep.java:27)
at ✽.browser is open(file:///C:/Users/Mahalakshmi.Athani/eclipse-workspace/CucumberProjectEcommerce/src/test/resources/AppFeatures/Login.feature:4)
]]>
    </failure>
  </testcase> <!-- runScenario -->
  <testcase classname="io.cucumber.testng.AbstractTestNGCucumberTests" name="runScenario" time="0.027">
    <failure type="java.lang.NullPointerException">
      <![CDATA[java.lang.NullPointerException
at com.qa.utils.TestBase.initializeDriver(TestBase.java:36)
at StepDefinitions.LoginStep.browser_is_open(LoginStep.java:27)
at ✽.browser is open(file:///C:/Users/Mahalakshmi.Athani/eclipse-workspace/CucumberProjectEcommerce/src/test/resources/AppFeatures/Login.feature:4)
]]>
    </failure>
  </testcase> <!-- runScenario -->
  <testcase classname="io.cucumber.testng.AbstractTestNGCucumberTests" name="runScenario" time="0.028">
    <failure type="java.lang.NullPointerException">
      <![CDATA[java.lang.NullPointerException
at com.qa.utils.TestBase.initializeDriver(TestBase.java:36)
at StepDefinitions.LoginStep.browser_is_open(LoginStep.java:27)
at ✽.browser is open(file:///C:/Users/Mahalakshmi.Athani/eclipse-workspace/CucumberProjectEcommerce/src/test/resources/AppFeatures/Login.feature:4)
]]>
    </failure>
  </testcase> <!-- runScenario -->
  <testcase classname="io.cucumber.testng.AbstractTestNGCucumberTests" name="runScenario" time="0.023">
    <failure type="java.lang.NullPointerException">
      <![CDATA[java.lang.NullPointerException
at com.qa.utils.TestBase.initializeDriver(TestBase.java:36)
at StepDefinitions.LoginStep.browser_is_open(LoginStep.java:27)
at ✽.browser is open(file:///C:/Users/Mahalakshmi.Athani/eclipse-workspace/CucumberProjectEcommerce/src/test/resources/AppFeatures/Login.feature:4)
]]>
    </failure>
  </testcase> <!-- runScenario -->
  <testcase classname="io.cucumber.testng.AbstractTestNGCucumberTests" name="runScenario" time="0.035">
    <failure type="java.lang.NullPointerException">
      <![CDATA[java.lang.NullPointerException
at com.qa.utils.TestBase.initializeDriver(TestBase.java:36)
at StepDefinitions.LoginStep.browser_is_open(LoginStep.java:27)
at ✽.browser is open(file:///C:/Users/Mahalakshmi.Athani/eclipse-workspace/CucumberProjectEcommerce/src/test/resources/AppFeatures/Login.feature:4)
]]>
    </failure>
  </testcase> <!-- runScenario -->
</testsuite> <!-- TestNGTest -->
